2024-06-03 09:19:54.179  INFO 10132 --- [main] c.e.springblog.SpringBlogApplication     : Starting SpringBlogApplication using Java 1.8.0_192 on DESKTOP-K4OBCKA with PID 10132 (D:\百度云同步\BaiduSyncdisk\Java&C++相关课件资料\java-c-traningfile\JavaXM\SpringBlog\target\classes started by ZhangXing in D:\百度云同步\BaiduSyncdisk\Java&C++相关课件资料\java-c-traningfile\JavaXM\SpringBlog)
2024-06-03 09:19:54.181  INFO 10132 --- [main] c.e.springblog.SpringBlogApplication     : No active profile set, falling back to 1 default profile: "default"
2024-06-03 09:19:54.637  INFO 10132 --- [main] o.s.b.w.embedded.tomcat.TomcatWebServer  : Tomcat initialized with port(s): 8080 (http)
2024-06-03 09:19:54.642  INFO 10132 --- [main] o.apache.catalina.core.StandardService   : Starting service [Tomcat]
2024-06-03 09:19:54.643  INFO 10132 --- [main] org.apache.catalina.core.StandardEngine  : Starting Servlet engine: [Apache Tomcat/9.0.69]
2024-06-03 09:19:54.696  INFO 10132 --- [main] o.a.c.c.C.[Tomcat].[localhost].[/]       : Initializing Spring embedded WebApplicationContext
2024-06-03 09:19:54.696  INFO 10132 --- [main] w.s.c.ServletWebServerApplicationContext : Root WebApplicationContext: initialization completed in 495 ms
2024-06-03 09:19:54.991  INFO 10132 --- [main] o.s.b.w.embedded.tomcat.TomcatWebServer  : Tomcat started on port(s): 8080 (http) with context path ''
2024-06-03 09:19:54.996  INFO 10132 --- [main] c.e.springblog.SpringBlogApplication     : Started SpringBlogApplication in 1.032 seconds (JVM running for 1.57)
2024-06-03 09:21:58.550  INFO 10132 --- [http-nio-8080-exec-4] o.a.c.c.C.[Tomcat].[localhost].[/]       : Initializing Spring DispatcherServlet 'dispatcherServlet'
2024-06-03 09:21:58.551  INFO 10132 --- [http-nio-8080-exec-4] o.s.web.servlet.DispatcherServlet        : Initializing Servlet 'dispatcherServlet'
2024-06-03 09:21:58.551  INFO 10132 --- [http-nio-8080-exec-4] o.s.web.servlet.DispatcherServlet        : Completed initialization in 0 ms
2024-06-03 09:21:58.562  INFO 10132 --- [http-nio-8080-exec-4] com.zaxxer.hikari.HikariDataSource       : HikariPool-1 - Starting...
2024-06-03 09:21:58.947  INFO 10132 --- [http-nio-8080-exec-4] com.zaxxer.hikari.HikariDataSource       : HikariPool-1 - Start completed.
2024-06-03 09:24:54.066  INFO 10132 --- [SpringApplicationShutdownHook] com.zaxxer.hikari.HikariDataSource       : HikariPool-1 - Shutdown initiated...
2024-06-03 09:24:54.069  INFO 10132 --- [SpringApplicationShutdownHook] com.zaxxer.hikari.HikariDataSource       : HikariPool-1 - Shutdown completed.
2024-06-03 09:40:57.969  INFO 13484 --- [main] c.e.springblog.SpringBlogApplication     : Starting SpringBlogApplication using Java 1.8.0_192 on DESKTOP-K4OBCKA with PID 13484 (D:\百度云同步\BaiduSyncdisk\Java&C++相关课件资料\java-c-traningfile\JavaXM\SpringBlog\target\classes started by ZhangXing in D:\百度云同步\BaiduSyncdisk\Java&C++相关课件资料\java-c-traningfile\JavaXM\SpringBlog)
2024-06-03 09:40:57.969  INFO 13484 --- [main] c.e.springblog.SpringBlogApplication     : No active profile set, falling back to 1 default profile: "default"
2024-06-03 09:40:58.345  INFO 13484 --- [main] o.s.b.w.embedded.tomcat.TomcatWebServer  : Tomcat initialized with port(s): 8080 (http)
2024-06-03 09:40:58.350  INFO 13484 --- [main] o.apache.catalina.core.StandardService   : Starting service [Tomcat]
2024-06-03 09:40:58.351  INFO 13484 --- [main] org.apache.catalina.core.StandardEngine  : Starting Servlet engine: [Apache Tomcat/9.0.69]
2024-06-03 09:40:58.401  INFO 13484 --- [main] o.a.c.c.C.[Tomcat].[localhost].[/]       : Initializing Spring embedded WebApplicationContext
2024-06-03 09:40:58.402  INFO 13484 --- [main] w.s.c.ServletWebServerApplicationContext : Root WebApplicationContext: initialization completed in 417 ms
2024-06-03 09:40:58.690  INFO 13484 --- [main] o.s.b.w.embedded.tomcat.TomcatWebServer  : Tomcat started on port(s): 8080 (http) with context path ''
2024-06-03 09:40:58.695  INFO 13484 --- [main] c.e.springblog.SpringBlogApplication     : Started SpringBlogApplication in 0.892 seconds (JVM running for 1.365)
2024-06-03 09:41:04.939  INFO 13484 --- [http-nio-8080-exec-1] o.a.c.c.C.[Tomcat].[localhost].[/]       : Initializing Spring DispatcherServlet 'dispatcherServlet'
2024-06-03 09:41:04.939  INFO 13484 --- [http-nio-8080-exec-1] o.s.web.servlet.DispatcherServlet        : Initializing Servlet 'dispatcherServlet'
2024-06-03 09:41:04.939  INFO 13484 --- [http-nio-8080-exec-1] o.s.web.servlet.DispatcherServlet        : Completed initialization in 0 ms
2024-06-03 09:41:04.955  INFO 13484 --- [http-nio-8080-exec-1] com.zaxxer.hikari.HikariDataSource       : HikariPool-1 - Starting...
2024-06-03 09:41:05.000  INFO 13484 --- [http-nio-8080-exec-1] com.zaxxer.hikari.HikariDataSource       : HikariPool-1 - Start completed.
2024-06-03 09:41:41.718  INFO 13484 --- [SpringApplicationShutdownHook] com.zaxxer.hikari.HikariDataSource       : HikariPool-1 - Shutdown initiated...
2024-06-03 09:41:41.753  INFO 13484 --- [SpringApplicationShutdownHook] com.zaxxer.hikari.HikariDataSource       : HikariPool-1 - Shutdown completed.
2024-06-03 09:43:02.321  INFO 7004 --- [main] c.e.springblog.SpringBlogApplication     : Starting SpringBlogApplication using Java 1.8.0_192 on DESKTOP-K4OBCKA with PID 7004 (D:\百度云同步\BaiduSyncdisk\Java&C++相关课件资料\java-c-traningfile\JavaXM\SpringBlog\target\classes started by ZhangXing in D:\百度云同步\BaiduSyncdisk\Java&C++相关课件资料\java-c-traningfile\JavaXM\SpringBlog)
2024-06-03 09:43:02.323  INFO 7004 --- [main] c.e.springblog.SpringBlogApplication     : No active profile set, falling back to 1 default profile: "default"
2024-06-03 09:43:02.667  INFO 7004 --- [main] o.s.b.w.embedded.tomcat.TomcatWebServer  : Tomcat initialized with port(s): 8080 (http)
2024-06-03 09:43:02.667  INFO 7004 --- [main] o.apache.catalina.core.StandardService   : Starting service [Tomcat]
2024-06-03 09:43:02.667  INFO 7004 --- [main] org.apache.catalina.core.StandardEngine  : Starting Servlet engine: [Apache Tomcat/9.0.69]
2024-06-03 09:43:02.713  INFO 7004 --- [main] o.a.c.c.C.[Tomcat].[localhost].[/]       : Initializing Spring embedded WebApplicationContext
2024-06-03 09:43:02.713  INFO 7004 --- [main] w.s.c.ServletWebServerApplicationContext : Root WebApplicationContext: initialization completed in 376 ms
2024-06-03 09:43:02.982  INFO 7004 --- [main] o.s.b.w.embedded.tomcat.TomcatWebServer  : Tomcat started on port(s): 8080 (http) with context path ''
2024-06-03 09:43:02.982  INFO 7004 --- [main] c.e.springblog.SpringBlogApplication     : Started SpringBlogApplication in 0.838 seconds (JVM running for 1.274)
2024-06-03 09:43:10.599  INFO 7004 --- [http-nio-8080-exec-2] o.a.c.c.C.[Tomcat].[localhost].[/]       : Initializing Spring DispatcherServlet 'dispatcherServlet'
2024-06-03 09:43:10.599  INFO 7004 --- [http-nio-8080-exec-2] o.s.web.servlet.DispatcherServlet        : Initializing Servlet 'dispatcherServlet'
2024-06-03 09:43:10.600  INFO 7004 --- [http-nio-8080-exec-2] o.s.web.servlet.DispatcherServlet        : Completed initialization in 1 ms
2024-06-03 09:45:32.816  INFO 936 --- [main] c.e.springblog.SpringBlogApplication     : Starting SpringBlogApplication using Java 1.8.0_192 on DESKTOP-K4OBCKA with PID 936 (D:\百度云同步\BaiduSyncdisk\Java&C++相关课件资料\java-c-traningfile\JavaXM\SpringBlog\target\classes started by ZhangXing in D:\百度云同步\BaiduSyncdisk\Java&C++相关课件资料\java-c-traningfile\JavaXM\SpringBlog)
2024-06-03 09:45:32.818  INFO 936 --- [main] c.e.springblog.SpringBlogApplication     : No active profile set, falling back to 1 default profile: "default"
2024-06-03 09:45:33.168  INFO 936 --- [main] o.s.b.w.embedded.tomcat.TomcatWebServer  : Tomcat initialized with port(s): 8080 (http)
2024-06-03 09:45:33.171  INFO 936 --- [main] o.apache.catalina.core.StandardService   : Starting service [Tomcat]
2024-06-03 09:45:33.171  INFO 936 --- [main] org.apache.catalina.core.StandardEngine  : Starting Servlet engine: [Apache Tomcat/9.0.69]
2024-06-03 09:45:33.220  INFO 936 --- [main] o.a.c.c.C.[Tomcat].[localhost].[/]       : Initializing Spring embedded WebApplicationContext
2024-06-03 09:45:33.220  INFO 936 --- [main] w.s.c.ServletWebServerApplicationContext : Root WebApplicationContext: initialization completed in 387 ms
2024-06-03 09:45:33.481  INFO 936 --- [main] o.s.b.w.embedded.tomcat.TomcatWebServer  : Tomcat started on port(s): 8080 (http) with context path ''
2024-06-03 09:45:33.485  INFO 936 --- [main] c.e.springblog.SpringBlogApplication     : Started SpringBlogApplication in 0.829 seconds (JVM running for 1.287)
2024-06-03 09:45:45.094  INFO 936 --- [http-nio-8080-exec-1] o.a.c.c.C.[Tomcat].[localhost].[/]       : Initializing Spring DispatcherServlet 'dispatcherServlet'
2024-06-03 09:45:45.094  INFO 936 --- [http-nio-8080-exec-1] o.s.web.servlet.DispatcherServlet        : Initializing Servlet 'dispatcherServlet'
2024-06-03 09:45:45.094  INFO 936 --- [http-nio-8080-exec-1] o.s.web.servlet.DispatcherServlet        : Completed initialization in 0 ms
2024-06-03 09:47:23.738  INFO 21552 --- [main] c.e.springblog.SpringBlogApplication     : Starting SpringBlogApplication using Java 1.8.0_192 on DESKTOP-K4OBCKA with PID 21552 (D:\百度云同步\BaiduSyncdisk\Java&C++相关课件资料\java-c-traningfile\JavaXM\SpringBlog\target\classes started by ZhangXing in D:\百度云同步\BaiduSyncdisk\Java&C++相关课件资料\java-c-traningfile\JavaXM\SpringBlog)
2024-06-03 09:47:23.739  INFO 21552 --- [main] c.e.springblog.SpringBlogApplication     : No active profile set, falling back to 1 default profile: "default"
2024-06-03 09:47:24.112  INFO 21552 --- [main] o.s.b.w.embedded.tomcat.TomcatWebServer  : Tomcat initialized with port(s): 8080 (http)
2024-06-03 09:47:24.116  INFO 21552 --- [main] o.apache.catalina.core.StandardService   : Starting service [Tomcat]
2024-06-03 09:47:24.116  INFO 21552 --- [main] org.apache.catalina.core.StandardEngine  : Starting Servlet engine: [Apache Tomcat/9.0.69]
2024-06-03 09:47:24.173  INFO 21552 --- [main] o.a.c.c.C.[Tomcat].[localhost].[/]       : Initializing Spring embedded WebApplicationContext
2024-06-03 09:47:24.173  INFO 21552 --- [main] w.s.c.ServletWebServerApplicationContext : Root WebApplicationContext: initialization completed in 419 ms
2024-06-03 09:47:24.487  INFO 21552 --- [main] o.s.b.w.embedded.tomcat.TomcatWebServer  : Tomcat started on port(s): 8080 (http) with context path ''
2024-06-03 09:47:24.491  INFO 21552 --- [main] c.e.springblog.SpringBlogApplication     : Started SpringBlogApplication in 0.913 seconds (JVM running for 1.356)
2024-06-03 09:47:30.637  INFO 21552 --- [http-nio-8080-exec-1] o.a.c.c.C.[Tomcat].[localhost].[/]       : Initializing Spring DispatcherServlet 'dispatcherServlet'
2024-06-03 09:47:30.637  INFO 21552 --- [http-nio-8080-exec-1] o.s.web.servlet.DispatcherServlet        : Initializing Servlet 'dispatcherServlet'
2024-06-03 09:47:30.637  INFO 21552 --- [http-nio-8080-exec-1] o.s.web.servlet.DispatcherServlet        : Completed initialization in 0 ms
2024-06-03 09:47:30.696  INFO 21552 --- [http-nio-8080-exec-2] com.zaxxer.hikari.HikariDataSource       : HikariPool-1 - Starting...
2024-06-03 09:47:30.745  INFO 21552 --- [http-nio-8080-exec-2] com.zaxxer.hikari.HikariDataSource       : HikariPool-1 - Start completed.
2024-06-03 09:47:42.238  INFO 21552 --- [SpringApplicationShutdownHook] com.zaxxer.hikari.HikariDataSource       : HikariPool-1 - Shutdown initiated...
2024-06-03 09:47:42.238  INFO 21552 --- [SpringApplicationShutdownHook] com.zaxxer.hikari.HikariDataSource       : HikariPool-1 - Shutdown completed.
2024-06-03 09:47:52.259  INFO 10096 --- [main] c.e.springblog.SpringBlogApplication     : Starting SpringBlogApplication using Java 1.8.0_192 on DESKTOP-K4OBCKA with PID 10096 (D:\百度云同步\BaiduSyncdisk\Java&C++相关课件资料\java-c-traningfile\JavaXM\SpringBlog\target\classes started by ZhangXing in D:\百度云同步\BaiduSyncdisk\Java&C++相关课件资料\java-c-traningfile\JavaXM\SpringBlog)
2024-06-03 09:47:52.260  INFO 10096 --- [main] c.e.springblog.SpringBlogApplication     : No active profile set, falling back to 1 default profile: "default"
2024-06-03 09:47:52.614  INFO 10096 --- [main] o.s.b.w.embedded.tomcat.TomcatWebServer  : Tomcat initialized with port(s): 8080 (http)
2024-06-03 09:47:52.618  INFO 10096 --- [main] o.apache.catalina.core.StandardService   : Starting service [Tomcat]
2024-06-03 09:47:52.618  INFO 10096 --- [main] org.apache.catalina.core.StandardEngine  : Starting Servlet engine: [Apache Tomcat/9.0.69]
2024-06-03 09:47:52.663  INFO 10096 --- [main] o.a.c.c.C.[Tomcat].[localhost].[/]       : Initializing Spring embedded WebApplicationContext
2024-06-03 09:47:52.663  INFO 10096 --- [main] w.s.c.ServletWebServerApplicationContext : Root WebApplicationContext: initialization completed in 387 ms
2024-06-03 09:47:52.934  INFO 10096 --- [main] o.s.b.w.embedded.tomcat.TomcatWebServer  : Tomcat started on port(s): 8080 (http) with context path ''
2024-06-03 09:47:52.938  INFO 10096 --- [main] c.e.springblog.SpringBlogApplication     : Started SpringBlogApplication in 0.84 seconds (JVM running for 1.274)
2024-06-03 09:48:08.548  INFO 10096 --- [http-nio-8080-exec-2] o.a.c.c.C.[Tomcat].[localhost].[/]       : Initializing Spring DispatcherServlet 'dispatcherServlet'
2024-06-03 09:48:08.548  INFO 10096 --- [http-nio-8080-exec-2] o.s.web.servlet.DispatcherServlet        : Initializing Servlet 'dispatcherServlet'
2024-06-03 09:48:08.549  INFO 10096 --- [http-nio-8080-exec-2] o.s.web.servlet.DispatcherServlet        : Completed initialization in 1 ms
2024-06-03 09:48:08.616  INFO 10096 --- [http-nio-8080-exec-1] com.zaxxer.hikari.HikariDataSource       : HikariPool-1 - Starting...
2024-06-03 09:48:08.671  INFO 10096 --- [http-nio-8080-exec-1] com.zaxxer.hikari.HikariDataSource       : HikariPool-1 - Start completed.
2024-06-03 09:48:40.048  INFO 10096 --- [SpringApplicationShutdownHook] com.zaxxer.hikari.HikariDataSource       : HikariPool-1 - Shutdown initiated...
2024-06-03 09:48:40.063  INFO 10096 --- [SpringApplicationShutdownHook] com.zaxxer.hikari.HikariDataSource       : HikariPool-1 - Shutdown completed.
2024-06-03 09:50:51.869  INFO 6616 --- [main] c.e.springblog.SpringBlogApplication     : Starting SpringBlogApplication using Java 1.8.0_192 on DESKTOP-K4OBCKA with PID 6616 (D:\百度云同步\BaiduSyncdisk\Java&C++相关课件资料\java-c-traningfile\JavaXM\SpringBlog\target\classes started by ZhangXing in D:\百度云同步\BaiduSyncdisk\Java&C++相关课件资料\java-c-traningfile\JavaXM\SpringBlog)
2024-06-03 09:50:51.869  INFO 6616 --- [main] c.e.springblog.SpringBlogApplication     : No active profile set, falling back to 1 default profile: "default"
2024-06-03 09:50:52.248  INFO 6616 --- [main] o.s.b.w.embedded.tomcat.TomcatWebServer  : Tomcat initialized with port(s): 8080 (http)
2024-06-03 09:50:52.248  INFO 6616 --- [main] o.apache.catalina.core.StandardService   : Starting service [Tomcat]
2024-06-03 09:50:52.248  INFO 6616 --- [main] org.apache.catalina.core.StandardEngine  : Starting Servlet engine: [Apache Tomcat/9.0.69]
2024-06-03 09:50:52.296  INFO 6616 --- [main] o.a.c.c.C.[Tomcat].[localhost].[/]       : Initializing Spring embedded WebApplicationContext
2024-06-03 09:50:52.296  INFO 6616 --- [main] w.s.c.ServletWebServerApplicationContext : Root WebApplicationContext: initialization completed in 411 ms
2024-06-03 09:50:52.581  INFO 6616 --- [main] o.s.b.w.embedded.tomcat.TomcatWebServer  : Tomcat started on port(s): 8080 (http) with context path ''
2024-06-03 09:50:52.581  INFO 6616 --- [main] c.e.springblog.SpringBlogApplication     : Started SpringBlogApplication in 0.901 seconds (JVM running for 1.335)
2024-06-03 09:50:57.645  INFO 6616 --- [http-nio-8080-exec-1] o.a.c.c.C.[Tomcat].[localhost].[/]       : Initializing Spring DispatcherServlet 'dispatcherServlet'
2024-06-03 09:50:57.645  INFO 6616 --- [http-nio-8080-exec-1] o.s.web.servlet.DispatcherServlet        : Initializing Servlet 'dispatcherServlet'
2024-06-03 09:50:57.647  INFO 6616 --- [http-nio-8080-exec-1] o.s.web.servlet.DispatcherServlet        : Completed initialization in 2 ms
2024-06-03 09:50:57.753  INFO 6616 --- [http-nio-8080-exec-7] com.zaxxer.hikari.HikariDataSource       : HikariPool-1 - Starting...
2024-06-03 09:50:57.803  INFO 6616 --- [http-nio-8080-exec-7] com.zaxxer.hikari.HikariDataSource       : HikariPool-1 - Start completed.
2024-06-03 09:55:00.072  INFO 6616 --- [SpringApplicationShutdownHook] com.zaxxer.hikari.HikariDataSource       : HikariPool-1 - Shutdown initiated...
2024-06-03 09:55:00.075  INFO 6616 --- [SpringApplicationShutdownHook] com.zaxxer.hikari.HikariDataSource       : HikariPool-1 - Shutdown completed.
2024-06-03 09:57:34.244  INFO 2572 --- [main] c.e.springblog.SpringBlogApplication     : Starting SpringBlogApplication using Java 1.8.0_192 on DESKTOP-K4OBCKA with PID 2572 (D:\百度云同步\BaiduSyncdisk\Java&C++相关课件资料\java-c-traningfile\JavaXM\SpringBlog\target\classes started by ZhangXing in D:\百度云同步\BaiduSyncdisk\Java&C++相关课件资料\java-c-traningfile\JavaXM\SpringBlog)
2024-06-03 09:57:34.246  INFO 2572 --- [main] c.e.springblog.SpringBlogApplication     : No active profile set, falling back to 1 default profile: "default"
2024-06-03 09:57:34.652  INFO 2572 --- [main] o.s.b.w.embedded.tomcat.TomcatWebServer  : Tomcat initialized with port(s): 8080 (http)
2024-06-03 09:57:34.656  INFO 2572 --- [main] o.apache.catalina.core.StandardService   : Starting service [Tomcat]
2024-06-03 09:57:34.656  INFO 2572 --- [main] org.apache.catalina.core.StandardEngine  : Starting Servlet engine: [Apache Tomcat/9.0.69]
2024-06-03 09:57:34.711  INFO 2572 --- [main] o.a.c.c.C.[Tomcat].[localhost].[/]       : Initializing Spring embedded WebApplicationContext
2024-06-03 09:57:34.711  INFO 2572 --- [main] w.s.c.ServletWebServerApplicationContext : Root WebApplicationContext: initialization completed in 449 ms
2024-06-03 09:57:35.022  INFO 2572 --- [main] o.s.b.w.embedded.tomcat.TomcatWebServer  : Tomcat started on port(s): 8080 (http) with context path ''
2024-06-03 09:57:35.027  INFO 2572 --- [main] c.e.springblog.SpringBlogApplication     : Started SpringBlogApplication in 0.957 seconds (JVM running for 1.408)
2024-06-03 09:57:38.910  INFO 2572 --- [http-nio-8080-exec-2] o.a.c.c.C.[Tomcat].[localhost].[/]       : Initializing Spring DispatcherServlet 'dispatcherServlet'
2024-06-03 09:57:38.910  INFO 2572 --- [http-nio-8080-exec-2] o.s.web.servlet.DispatcherServlet        : Initializing Servlet 'dispatcherServlet'
2024-06-03 09:57:38.911  INFO 2572 --- [http-nio-8080-exec-2] o.s.web.servlet.DispatcherServlet        : Completed initialization in 1 ms
2024-06-03 09:57:38.993  INFO 2572 --- [http-nio-8080-exec-1] com.zaxxer.hikari.HikariDataSource       : HikariPool-1 - Starting...
2024-06-03 09:57:39.042  INFO 2572 --- [http-nio-8080-exec-1] com.zaxxer.hikari.HikariDataSource       : HikariPool-1 - Start completed.
2024-06-03 09:58:07.459  INFO 3516 --- [main] c.e.springblog.SpringBlogApplication     : Starting SpringBlogApplication using Java 1.8.0_192 on DESKTOP-K4OBCKA with PID 3516 (D:\百度云同步\BaiduSyncdisk\Java&C++相关课件资料\java-c-traningfile\JavaXM\SpringBlog\target\classes started by ZhangXing in D:\百度云同步\BaiduSyncdisk\Java&C++相关课件资料\java-c-traningfile\JavaXM\SpringBlog)
2024-06-03 09:58:07.460  INFO 3516 --- [main] c.e.springblog.SpringBlogApplication     : No active profile set, falling back to 1 default profile: "default"
2024-06-03 09:58:07.836  INFO 3516 --- [main] o.s.b.w.embedded.tomcat.TomcatWebServer  : Tomcat initialized with port(s): 8080 (http)
2024-06-03 09:58:07.839  INFO 3516 --- [main] o.apache.catalina.core.StandardService   : Starting service [Tomcat]
2024-06-03 09:58:07.839  INFO 3516 --- [main] org.apache.catalina.core.StandardEngine  : Starting Servlet engine: [Apache Tomcat/9.0.69]
2024-06-03 09:58:07.885  INFO 3516 --- [main] o.a.c.c.C.[Tomcat].[localhost].[/]       : Initializing Spring embedded WebApplicationContext
2024-06-03 09:58:07.886  INFO 3516 --- [main] w.s.c.ServletWebServerApplicationContext : Root WebApplicationContext: initialization completed in 410 ms
2024-06-03 09:58:08.150  INFO 3516 --- [main] o.s.b.w.embedded.tomcat.TomcatWebServer  : Tomcat started on port(s): 8080 (http) with context path ''
2024-06-03 09:58:08.154  INFO 3516 --- [main] c.e.springblog.SpringBlogApplication     : Started SpringBlogApplication in 0.854 seconds (JVM running for 1.293)
2024-06-03 09:58:19.307  INFO 3516 --- [http-nio-8080-exec-1] o.a.c.c.C.[Tomcat].[localhost].[/]       : Initializing Spring DispatcherServlet 'dispatcherServlet'
2024-06-03 09:58:19.308  INFO 3516 --- [http-nio-8080-exec-1] o.s.web.servlet.DispatcherServlet        : Initializing Servlet 'dispatcherServlet'
2024-06-03 09:58:19.310  INFO 3516 --- [http-nio-8080-exec-1] o.s.web.servlet.DispatcherServlet        : Completed initialization in 1 ms
2024-06-03 09:58:19.438  INFO 3516 --- [http-nio-8080-exec-2] com.zaxxer.hikari.HikariDataSource       : HikariPool-1 - Starting...
2024-06-03 09:58:19.713  INFO 3516 --- [http-nio-8080-exec-2] com.zaxxer.hikari.HikariDataSource       : HikariPool-1 - Start completed.
2024-06-03 09:59:22.287  INFO 23920 --- [main] c.e.springblog.SpringBlogApplication     : Starting SpringBlogApplication using Java 1.8.0_192 on DESKTOP-K4OBCKA with PID 23920 (D:\百度云同步\BaiduSyncdisk\Java&C++相关课件资料\java-c-traningfile\JavaXM\SpringBlog\target\classes started by ZhangXing in D:\百度云同步\BaiduSyncdisk\Java&C++相关课件资料\java-c-traningfile\JavaXM\SpringBlog)
2024-06-03 09:59:22.288  INFO 23920 --- [main] c.e.springblog.SpringBlogApplication     : No active profile set, falling back to 1 default profile: "default"
2024-06-03 09:59:22.671  INFO 23920 --- [main] o.s.b.w.embedded.tomcat.TomcatWebServer  : Tomcat initialized with port(s): 8080 (http)
2024-06-03 09:59:22.675  INFO 23920 --- [main] o.apache.catalina.core.StandardService   : Starting service [Tomcat]
2024-06-03 09:59:22.675  INFO 23920 --- [main] org.apache.catalina.core.StandardEngine  : Starting Servlet engine: [Apache Tomcat/9.0.69]
2024-06-03 09:59:22.727  INFO 23920 --- [main] o.a.c.c.C.[Tomcat].[localhost].[/]       : Initializing Spring embedded WebApplicationContext
2024-06-03 09:59:22.727  INFO 23920 --- [main] w.s.c.ServletWebServerApplicationContext : Root WebApplicationContext: initialization completed in 424 ms
2024-06-03 09:59:23.010  INFO 23920 --- [main] o.s.b.w.embedded.tomcat.TomcatWebServer  : Tomcat started on port(s): 8080 (http) with context path ''
2024-06-03 09:59:23.014  INFO 23920 --- [main] c.e.springblog.SpringBlogApplication     : Started SpringBlogApplication in 0.887 seconds (JVM running for 1.316)
2024-06-03 09:59:27.030  INFO 23920 --- [http-nio-8080-exec-1] o.a.c.c.C.[Tomcat].[localhost].[/]       : Initializing Spring DispatcherServlet 'dispatcherServlet'
2024-06-03 09:59:27.030  INFO 23920 --- [http-nio-8080-exec-1] o.s.web.servlet.DispatcherServlet        : Initializing Servlet 'dispatcherServlet'
2024-06-03 09:59:27.030  INFO 23920 --- [http-nio-8080-exec-1] o.s.web.servlet.DispatcherServlet        : Completed initialization in 0 ms
2024-06-03 09:59:27.092  INFO 23920 --- [http-nio-8080-exec-2] com.zaxxer.hikari.HikariDataSource       : HikariPool-1 - Starting...
2024-06-03 09:59:27.145  INFO 23920 --- [http-nio-8080-exec-2] com.zaxxer.hikari.HikariDataSource       : HikariPool-1 - Start completed.
2024-06-03 09:59:45.295  INFO 23920 --- [SpringApplicationShutdownHook] com.zaxxer.hikari.HikariDataSource       : HikariPool-1 - Shutdown initiated...
2024-06-03 09:59:45.301  INFO 23920 --- [SpringApplicationShutdownHook] com.zaxxer.hikari.HikariDataSource       : HikariPool-1 - Shutdown completed.
2024-06-03 10:00:57.331  INFO 22252 --- [main] c.e.springblog.SpringBlogApplication     : Starting SpringBlogApplication using Java 1.8.0_192 on DESKTOP-K4OBCKA with PID 22252 (D:\百度云同步\BaiduSyncdisk\Java&C++相关课件资料\java-c-traningfile\JavaXM\SpringBlog\target\classes started by ZhangXing in D:\百度云同步\BaiduSyncdisk\Java&C++相关课件资料\java-c-traningfile\JavaXM\SpringBlog)
2024-06-03 10:00:57.332  INFO 22252 --- [main] c.e.springblog.SpringBlogApplication     : No active profile set, falling back to 1 default profile: "default"
2024-06-03 10:00:57.723  INFO 22252 --- [main] o.s.b.w.embedded.tomcat.TomcatWebServer  : Tomcat initialized with port(s): 8080 (http)
2024-06-03 10:00:57.728  INFO 22252 --- [main] o.apache.catalina.core.StandardService   : Starting service [Tomcat]
2024-06-03 10:00:57.728  INFO 22252 --- [main] org.apache.catalina.core.StandardEngine  : Starting Servlet engine: [Apache Tomcat/9.0.69]
2024-06-03 10:00:57.779  INFO 22252 --- [main] o.a.c.c.C.[Tomcat].[localhost].[/]       : Initializing Spring embedded WebApplicationContext
2024-06-03 10:00:57.779  INFO 22252 --- [main] w.s.c.ServletWebServerApplicationContext : Root WebApplicationContext: initialization completed in 430 ms
2024-06-03 10:00:58.070  INFO 22252 --- [main] o.s.b.w.embedded.tomcat.TomcatWebServer  : Tomcat started on port(s): 8080 (http) with context path ''
2024-06-03 10:00:58.075  INFO 22252 --- [main] c.e.springblog.SpringBlogApplication     : Started SpringBlogApplication in 0.914 seconds (JVM running for 1.356)
2024-06-03 10:01:00.579  INFO 22252 --- [http-nio-8080-exec-1] o.a.c.c.C.[Tomcat].[localhost].[/]       : Initializing Spring DispatcherServlet 'dispatcherServlet'
2024-06-03 10:01:00.579  INFO 22252 --- [http-nio-8080-exec-1] o.s.web.servlet.DispatcherServlet        : Initializing Servlet 'dispatcherServlet'
2024-06-03 10:01:00.580  INFO 22252 --- [http-nio-8080-exec-1] o.s.web.servlet.DispatcherServlet        : Completed initialization in 1 ms
2024-06-03 10:01:00.637  INFO 22252 --- [http-nio-8080-exec-7] com.zaxxer.hikari.HikariDataSource       : HikariPool-1 - Starting...
2024-06-03 10:01:00.692  INFO 22252 --- [http-nio-8080-exec-7] com.zaxxer.hikari.HikariDataSource       : HikariPool-1 - Start completed.
2024-06-03 10:14:06.982  INFO 9888 --- [main] c.e.springblog.SpringBlogApplication     : Starting SpringBlogApplication using Java 1.8.0_192 on DESKTOP-K4OBCKA with PID 9888 (D:\百度云同步\BaiduSyncdisk\Java&C++相关课件资料\java-c-traningfile\JavaXM\SpringBlog\target\classes started by ZhangXing in D:\百度云同步\BaiduSyncdisk\Java&C++相关课件资料\java-c-traningfile\JavaXM\SpringBlog)
2024-06-03 10:14:06.984  INFO 9888 --- [main] c.e.springblog.SpringBlogApplication     : No active profile set, falling back to 1 default profile: "default"
2024-06-03 10:14:07.384  INFO 9888 --- [main] o.s.b.w.embedded.tomcat.TomcatWebServer  : Tomcat initialized with port(s): 8080 (http)
2024-06-03 10:14:07.387  INFO 9888 --- [main] o.apache.catalina.core.StandardService   : Starting service [Tomcat]
2024-06-03 10:14:07.387  INFO 9888 --- [main] org.apache.catalina.core.StandardEngine  : Starting Servlet engine: [Apache Tomcat/9.0.69]
2024-06-03 10:14:07.437  INFO 9888 --- [main] o.a.c.c.C.[Tomcat].[localhost].[/]       : Initializing Spring embedded WebApplicationContext
2024-06-03 10:14:07.438  INFO 9888 --- [main] w.s.c.ServletWebServerApplicationContext : Root WebApplicationContext: initialization completed in 436 ms
2024-06-03 10:14:07.721  INFO 9888 --- [main] o.s.b.w.embedded.tomcat.TomcatWebServer  : Tomcat started on port(s): 8080 (http) with context path ''
2024-06-03 10:14:07.727  INFO 9888 --- [main] c.e.springblog.SpringBlogApplication     : Started SpringBlogApplication in 0.918 seconds (JVM running for 1.365)
2024-06-03 10:14:24.528  INFO 9888 --- [http-nio-8080-exec-1] o.a.c.c.C.[Tomcat].[localhost].[/]       : Initializing Spring DispatcherServlet 'dispatcherServlet'
2024-06-03 10:14:24.528  INFO 9888 --- [http-nio-8080-exec-1] o.s.web.servlet.DispatcherServlet        : Initializing Servlet 'dispatcherServlet'
2024-06-03 10:14:24.528  INFO 9888 --- [http-nio-8080-exec-1] o.s.web.servlet.DispatcherServlet        : Completed initialization in 0 ms
2024-06-03 10:14:51.956  INFO 9888 --- [http-nio-8080-exec-4] com.zaxxer.hikari.HikariDataSource       : HikariPool-1 - Starting...
2024-06-03 10:14:52.007  INFO 9888 --- [http-nio-8080-exec-4] com.zaxxer.hikari.HikariDataSource       : HikariPool-1 - Start completed.
